The system is: Linux - 5.4.5-gentoo-x86_64 - x86_64
Compiling the C compiler identification source file "CMakeCCompilerId.c" succeeded.
Compiler: /usr/bin/cc 
Build flags: 
Id flags:  

The output was:
0


Compilation of the C compiler identification source "CMakeCCompilerId.c" produced "a.out"

The C compiler identification is GNU, found in "/home/abcdlsj/.emacs.d/elpa/vterm-20191218.202/build/CMakeFiles/3.16.1/CompilerIdC/a.out"

Determining if the C compiler works passed with the following output:
Change Dir: /home/abcdlsj/.emacs.d/elpa/vterm-20191218.202/build/CMakeFiles/CMakeTmp

Run Build Command(s):/usr/bin/gmake cmTC_2cd02/fast && /usr/bin/gmake -f CMakeFiles/cmTC_2cd02.dir/build.make CMakeFiles/cmTC_2cd02.dir/build
gmake[1]: Entering directory '/home/abcdlsj/.emacs.d/elpa/vterm-20191218.202/build/CMakeFiles/CMakeTmp'
Building C object CMakeFiles/cmTC_2cd02.dir/testCCompiler.c.o
/usr/bin/cc    -o CMakeFiles/cmTC_2cd02.dir/testCCompiler.c.o   -c /home/abcdlsj/.emacs.d/elpa/vterm-20191218.202/build/CMakeFiles/CMakeTmp/testCCompiler.c
Linking C executable cmTC_2cd02
/usr/bin/cmake -E cmake_link_script CMakeFiles/cmTC_2cd02.dir/link.txt --verbose=1
/usr/bin/cc      CMakeFiles/cmTC_2cd02.dir/testCCompiler.c.o  -o cmTC_2cd02 
gmake[1]: Leaving directory '/home/abcdlsj/.emacs.d/elpa/vterm-20191218.202/build/CMakeFiles/CMakeTmp'



Detecting C compiler ABI info compiled with the following output:
Change Dir: /home/abcdlsj/.emacs.d/elpa/vterm-20191218.202/build/CMakeFiles/CMakeTmp

Run Build Command(s):/usr/bin/gmake cmTC_e48ac/fast && /usr/bin/gmake -f CMakeFiles/cmTC_e48ac.dir/build.make CMakeFiles/cmTC_e48ac.dir/build
gmake[1]: Entering directory '/home/abcdlsj/.emacs.d/elpa/vterm-20191218.202/build/CMakeFiles/CMakeTmp'
Building C object CMakeFiles/cmTC_e48ac.dir/CMakeCCompilerABI.c.o
/usr/bin/cc   -v -o CMakeFiles/cmTC_e48ac.dir/CMakeCCompilerABI.c.o   -c /usr/share/cmake/Modules/CMakeCCompilerABI.c
Using built-in specs.
COLLECT_GCC=/usr/bin/cc
Target: x86_64-pc-linux-gnu
Configured with: /var/tmp/portage/sys-devel/gcc-9.2.0-r2/work/gcc-9.2.0/configure --host=x86_64-pc-linux-gnu --build=x86_64-pc-linux-gnu --prefix=/usr --bindir=/usr/x86_64-pc-linux-gnu/gcc-bin/9.2.0 --includedir=/usr/lib/gcc/x86_64-pc-linux-gnu/9.2.0/include --datadir=/usr/share/gcc-data/x86_64-pc-linux-gnu/9.2.0 --mandir=/usr/share/gcc-data/x86_64-pc-linux-gnu/9.2.0/man --infodir=/usr/share/gcc-data/x86_64-pc-linux-gnu/9.2.0/info --with-gxx-include-dir=/usr/lib/gcc/x86_64-pc-linux-gnu/9.2.0/include/g++-v9 --with-python-dir=/share/gcc-data/x86_64-pc-linux-gnu/9.2.0/python --enable-languages=c,c++,fortran --enable-obsolete --enable-secureplt --disable-werror --with-system-zlib --enable-nls --without-included-gettext --enable-checking=release --with-bugurl=https://bugs.gentoo.org/ --with-pkgversion='Gentoo 9.2.0-r2 p3' --disable-esp --enable-libstdcxx-time --enable-shared --enable-threads=posix --enable-__cxa_atexit --enable-clocale=gnu --enable-multilib --with-multilib-list=m32,m64 --disable-altivec --disable-fixed-point --enable-targets=all --enable-libgomp --disable-libmudflap --disable-libssp --disable-systemtap --enable-vtable-verify --enable-lto --without-isl --enable-default-pie --enable-default-ssp
Thread model: posix
gcc version 9.2.0 (Gentoo 9.2.0-r2 p3) 
COLLECT_GCC_OPTIONS='-v' '-o' 'CMakeFiles/cmTC_e48ac.dir/CMakeCCompilerABI.c.o' '-c' '-mtune=generic' '-march=x86-64'
 /usr/libexec/gcc/x86_64-pc-linux-gnu/9.2.0/cc1 -quiet -v /usr/share/cmake/Modules/CMakeCCompilerABI.c -quiet -dumpbase CMakeCCompilerABI.c -mtune=generic -march=x86-64 -auxbase-strip CMakeFiles/cmTC_e48ac.dir/CMakeCCompilerABI.c.o -version -o /tmp/ccvMDUII.s
GNU C17 (Gentoo 9.2.0-r2 p3) version 9.2.0 (x86_64-pc-linux-gnu)
	compiled by GNU C version 9.2.0, GMP version 6.1.2, MPFR version 4.0.2, MPC version 1.1.0, isl version none
GGC heuristics: --param ggc-min-expand=100 --param ggc-min-heapsize=131072
ignoring nonexistent directory "/usr/lib/gcc/x86_64-pc-linux-gnu/9.2.0/../../../../x86_64-pc-linux-gnu/include"
#include "..." search starts here:
#include <...> search starts here:
 /usr/lib/gcc/x86_64-pc-linux-gnu/9.2.0/include
 /usr/local/include
 /usr/lib/gcc/x86_64-pc-linux-gnu/9.2.0/include-fixed
 /usr/include
End of search list.
GNU C17 (Gentoo 9.2.0-r2 p3) version 9.2.0 (x86_64-pc-linux-gnu)
	compiled by GNU C version 9.2.0, GMP version 6.1.2, MPFR version 4.0.2, MPC version 1.1.0, isl version none
GGC heuristics: --param ggc-min-expand=100 --param ggc-min-heapsize=131072
Compiler executable checksum: 2394fcbaadc7e5788d47b6b07c0bdaf3
COLLECT_GCC_OPTIONS='-v' '-o' 'CMakeFiles/cmTC_e48ac.dir/CMakeCCompilerABI.c.o' '-c' '-mtune=generic' '-march=x86-64'
 /usr/lib/gcc/x86_64-pc-linux-gnu/9.2.0/../../../../x86_64-pc-linux-gnu/bin/as -v --64 -o CMakeFiles/cmTC_e48ac.dir/CMakeCCompilerABI.c.o /tmp/ccvMDUII.s
GNU assembler version 2.32.0 (x86_64-pc-linux-gnu) using BFD version (Gentoo 2.32 p2) 2.32.0
COMPILER_PATH=/usr/libexec/gcc/x86_64-pc-linux-gnu/9.2.0/:/usr/libexec/gcc/x86_64-pc-linux-gnu/9.2.0/:/usr/libexec/gcc/x86_64-pc-linux-gnu/:/usr/lib/gcc/x86_64-pc-linux-gnu/9.2.0/:/usr/lib/gcc/x86_64-pc-linux-gnu/:/usr/lib/gcc/x86_64-pc-linux-gnu/9.2.0/../../../../x86_64-pc-linux-gnu/bin/
LIBRARY_PATH=/usr/lib/gcc/x86_64-pc-linux-gnu/9.2.0/:/usr/lib/gcc/x86_64-pc-linux-gnu/9.2.0/../../../../lib64/:/lib/../lib64/:/usr/lib/../lib64/:/usr/lib/gcc/x86_64-pc-linux-gnu/9.2.0/../../../../x86_64-pc-linux-gnu/lib/:/usr/lib/gcc/x86_64-pc-linux-gnu/9.2.0/../../../:/lib/:/usr/lib/
COLLECT_GCC_OPTIONS='-v' '-o' 'CMakeFiles/cmTC_e48ac.dir/CMakeCCompilerABI.c.o' '-c' '-mtune=generic' '-march=x86-64'
Linking C executable cmTC_e48ac
/usr/bin/cmake -E cmake_link_script CMakeFiles/cmTC_e48ac.dir/link.txt --verbose=1
/usr/bin/cc     -v CMakeFiles/cmTC_e48ac.dir/CMakeCCompilerABI.c.o  -o cmTC_e48ac 
Using built-in specs.
COLLECT_GCC=/usr/bin/cc
COLLECT_LTO_WRAPPER=/usr/libexec/gcc/x86_64-pc-linux-gnu/9.2.0/lto-wrapper
Target: x86_64-pc-linux-gnu
Configured with: /var/tmp/portage/sys-devel/gcc-9.2.0-r2/work/gcc-9.2.0/configure --host=x86_64-pc-linux-gnu --build=x86_64-pc-linux-gnu --prefix=/usr --bindir=/usr/x86_64-pc-linux-gnu/gcc-bin/9.2.0 --includedir=/usr/lib/gcc/x86_64-pc-linux-gnu/9.2.0/include --datadir=/usr/share/gcc-data/x86_64-pc-linux-gnu/9.2.0 --mandir=/usr/share/gcc-data/x86_64-pc-linux-gnu/9.2.0/man --infodir=/usr/share/gcc-data/x86_64-pc-linux-gnu/9.2.0/info --with-gxx-include-dir=/usr/lib/gcc/x86_64-pc-linux-gnu/9.2.0/include/g++-v9 --with-python-dir=/share/gcc-data/x86_64-pc-linux-gnu/9.2.0/python --enable-languages=c,c++,fortran --enable-obsolete --enable-secureplt --disable-werror --with-system-zlib --enable-nls --without-included-gettext --enable-checking=release --with-bugurl=https://bugs.gentoo.org/ --with-pkgversion='Gentoo 9.2.0-r2 p3' --disable-esp --enable-libstdcxx-time --enable-shared --enable-threads=posix --enable-__cxa_atexit --enable-clocale=gnu --enable-multilib --with-multilib-list=m32,m64 --disable-altivec --disable-fixed-point --enable-targets=all --enable-libgomp --disable-libmudflap --disable-libssp --disable-systemtap --enable-vtable-verify --enable-lto --without-isl --enable-default-pie --enable-default-ssp
Thread model: posix
gcc version 9.2.0 (Gentoo 9.2.0-r2 p3) 
COMPILER_PATH=/usr/libexec/gcc/x86_64-pc-linux-gnu/9.2.0/:/usr/libexec/gcc/x86_64-pc-linux-gnu/9.2.0/:/usr/libexec/gcc/x86_64-pc-linux-gnu/:/usr/lib/gcc/x86_64-pc-linux-gnu/9.2.0/:/usr/lib/gcc/x86_64-pc-linux-gnu/:/usr/lib/gcc/x86_64-pc-linux-gnu/9.2.0/../../../../x86_64-pc-linux-gnu/bin/
LIBRARY_PATH=/usr/lib/gcc/x86_64-pc-linux-gnu/9.2.0/:/usr/lib/gcc/x86_64-pc-linux-gnu/9.2.0/../../../../lib64/:/lib/../lib64/:/usr/lib/../lib64/:/usr/lib/gcc/x86_64-pc-linux-gnu/9.2.0/../../../../x86_64-pc-linux-gnu/lib/:/usr/lib/gcc/x86_64-pc-linux-gnu/9.2.0/../../../:/lib/:/usr/lib/
COLLECT_GCC_OPTIONS='-v' '-o' 'cmTC_e48ac' '-mtune=generic' '-march=x86-64'
 /usr/libexec/gcc/x86_64-pc-linux-gnu/9.2.0/collect2 -plugin /usr/libexec/gcc/x86_64-pc-linux-gnu/9.2.0/liblto_plugin.so -plugin-opt=/usr/libexec/gcc/x86_64-pc-linux-gnu/9.2.0/lto-wrapper -plugin-opt=-fresolution=/tmp/cc4FsD06.res -plugin-opt=-pass-through=-lgcc -plugin-opt=-pass-through=-lgcc_s -plugin-opt=-pass-through=-lc -plugin-opt=-pass-through=-lgcc -plugin-opt=-pass-through=-lgcc_s --eh-frame-hdr -m elf_x86_64 -dynamic-linker /lib64/ld-linux-x86-64.so.2 -pie -o cmTC_e48ac /usr/lib/gcc/x86_64-pc-linux-gnu/9.2.0/../../../../lib64/Scrt1.o /usr/lib/gcc/x86_64-pc-linux-gnu/9.2.0/../../../../lib64/crti.o /usr/lib/gcc/x86_64-pc-linux-gnu/9.2.0/crtbeginS.o -L/usr/lib/gcc/x86_64-pc-linux-gnu/9.2.0 -L/usr/lib/gcc/x86_64-pc-linux-gnu/9.2.0/../../../../lib64 -L/lib/../lib64 -L/usr/lib/../lib64 -L/usr/lib/gcc/x86_64-pc-linux-gnu/9.2.0/../../../../x86_64-pc-linux-gnu/lib -L/usr/lib/gcc/x86_64-pc-linux-gnu/9.2.0/../../.. CMakeFiles/cmTC_e48ac.dir/CMakeCCompilerABI.c.o -lgcc --push-state --as-needed -lgcc_s --pop-state -lc -lgcc --push-state --as-needed -lgcc_s --pop-state /usr/lib/gcc/x86_64-pc-linux-gnu/9.2.0/crtendS.o /usr/lib/gcc/x86_64-pc-linux-gnu/9.2.0/../../../../lib64/crtn.o
COLLECT_GCC_OPTIONS='-v' '-o' 'cmTC_e48ac' '-mtune=generic' '-march=x86-64'
gmake[1]: Leaving directory '/home/abcdlsj/.emacs.d/elpa/vterm-20191218.202/build/CMakeFiles/CMakeTmp'



Parsed C implicit include dir info from above output: rv=done
  found start of include info
  found start of implicit include info
    add: [/usr/lib/gcc/x86_64-pc-linux-gnu/9.2.0/include]
    add: [/usr/local/include]
    add: [/usr/lib/gcc/x86_64-pc-linux-gnu/9.2.0/include-fixed]
    add: [/usr/include]
  end of search list found
  collapse include dir [/usr/lib/gcc/x86_64-pc-linux-gnu/9.2.0/include] ==> [/usr/lib/gcc/x86_64-pc-linux-gnu/9.2.0/include]
  collapse include dir [/usr/local/include] ==> [/usr/local/include]
  collapse include dir [/usr/lib/gcc/x86_64-pc-linux-gnu/9.2.0/include-fixed] ==> [/usr/lib/gcc/x86_64-pc-linux-gnu/9.2.0/include-fixed]
  collapse include dir [/usr/include] ==> [/usr/include]
  implicit include dirs: [/usr/lib/gcc/x86_64-pc-linux-gnu/9.2.0/include;/usr/local/include;/usr/lib/gcc/x86_64-pc-linux-gnu/9.2.0/include-fixed;/usr/include]


Parsed C implicit link information from above output:
  link line regex: [^( *|.*[/\])(ld|CMAKE_LINK_STARTFILE-NOTFOUND|([^/\]+-)?ld|collect2)[^/\]*( |$)]
  ignore line: [Change Dir: /home/abcdlsj/.emacs.d/elpa/vterm-20191218.202/build/CMakeFiles/CMakeTmp]
  ignore line: []
  ignore line: [Run Build Command(s):/usr/bin/gmake cmTC_e48ac/fast && /usr/bin/gmake -f CMakeFiles/cmTC_e48ac.dir/build.make CMakeFiles/cmTC_e48ac.dir/build]
  ignore line: [gmake[1]: Entering directory '/home/abcdlsj/.emacs.d/elpa/vterm-20191218.202/build/CMakeFiles/CMakeTmp']
  ignore line: [Building C object CMakeFiles/cmTC_e48ac.dir/CMakeCCompilerABI.c.o]
  ignore line: [/usr/bin/cc   -v -o CMakeFiles/cmTC_e48ac.dir/CMakeCCompilerABI.c.o   -c /usr/share/cmake/Modules/CMakeCCompilerABI.c]
  ignore line: [Using built-in specs.]
  ignore line: [COLLECT_GCC=/usr/bin/cc]
  ignore line: [Target: x86_64-pc-linux-gnu]
  ignore line: [Configured with: /var/tmp/portage/sys-devel/gcc-9.2.0-r2/work/gcc-9.2.0/configure --host=x86_64-pc-linux-gnu --build=x86_64-pc-linux-gnu --prefix=/usr --bindir=/usr/x86_64-pc-linux-gnu/gcc-bin/9.2.0 --includedir=/usr/lib/gcc/x86_64-pc-linux-gnu/9.2.0/include --datadir=/usr/share/gcc-data/x86_64-pc-linux-gnu/9.2.0 --mandir=/usr/share/gcc-data/x86_64-pc-linux-gnu/9.2.0/man --infodir=/usr/share/gcc-data/x86_64-pc-linux-gnu/9.2.0/info --with-gxx-include-dir=/usr/lib/gcc/x86_64-pc-linux-gnu/9.2.0/include/g++-v9 --with-python-dir=/share/gcc-data/x86_64-pc-linux-gnu/9.2.0/python --enable-languages=c c++ fortran --enable-obsolete --enable-secureplt --disable-werror --with-system-zlib --enable-nls --without-included-gettext --enable-checking=release --with-bugurl=https://bugs.gentoo.org/ --with-pkgversion='Gentoo 9.2.0-r2 p3' --disable-esp --enable-libstdcxx-time --enable-shared --enable-threads=posix --enable-__cxa_atexit --enable-clocale=gnu --enable-multilib --with-multilib-list=m32 m64 --disable-altivec --disable-fixed-point --enable-targets=all --enable-libgomp --disable-libmudflap --disable-libssp --disable-systemtap --enable-vtable-verify --enable-lto --without-isl --enable-default-pie --enable-default-ssp]
  ignore line: [Thread model: posix]
  ignore line: [gcc version 9.2.0 (Gentoo 9.2.0-r2 p3) ]
  ignore line: [COLLECT_GCC_OPTIONS='-v' '-o' 'CMakeFiles/cmTC_e48ac.dir/CMakeCCompilerABI.c.o' '-c' '-mtune=generic' '-march=x86-64']
  ignore line: [ /usr/libexec/gcc/x86_64-pc-linux-gnu/9.2.0/cc1 -quiet -v /usr/share/cmake/Modules/CMakeCCompilerABI.c -quiet -dumpbase CMakeCCompilerABI.c -mtune=generic -march=x86-64 -auxbase-strip CMakeFiles/cmTC_e48ac.dir/CMakeCCompilerABI.c.o -version -o /tmp/ccvMDUII.s]
  ignore line: [GNU C17 (Gentoo 9.2.0-r2 p3) version 9.2.0 (x86_64-pc-linux-gnu)]
  ignore line: [	compiled by GNU C version 9.2.0  GMP version 6.1.2  MPFR version 4.0.2  MPC version 1.1.0  isl version none]
  ignore line: [GGC heuristics: --param ggc-min-expand=100 --param ggc-min-heapsize=131072]
  ignore line: [ignoring nonexistent directory "/usr/lib/gcc/x86_64-pc-linux-gnu/9.2.0/../../../../x86_64-pc-linux-gnu/include"]
  ignore line: [#include "..." search starts here:]
  ignore line: [#include <...> search starts here:]
  ignore line: [ /usr/lib/gcc/x86_64-pc-linux-gnu/9.2.0/include]
  ignore line: [ /usr/local/include]
  ignore line: [ /usr/lib/gcc/x86_64-pc-linux-gnu/9.2.0/include-fixed]
  ignore line: [ /usr/include]
  ignore line: [End of search list.]
  ignore line: [GNU C17 (Gentoo 9.2.0-r2 p3) version 9.2.0 (x86_64-pc-linux-gnu)]
  ignore line: [	compiled by GNU C version 9.2.0  GMP version 6.1.2  MPFR version 4.0.2  MPC version 1.1.0  isl version none]
  ignore line: [GGC heuristics: --param ggc-min-expand=100 --param ggc-min-heapsize=131072]
  ignore line: [Compiler executable checksum: 2394fcbaadc7e5788d47b6b07c0bdaf3]
  ignore line: [COLLECT_GCC_OPTIONS='-v' '-o' 'CMakeFiles/cmTC_e48ac.dir/CMakeCCompilerABI.c.o' '-c' '-mtune=generic' '-march=x86-64']
  ignore line: [ /usr/lib/gcc/x86_64-pc-linux-gnu/9.2.0/../../../../x86_64-pc-linux-gnu/bin/as -v --64 -o CMakeFiles/cmTC_e48ac.dir/CMakeCCompilerABI.c.o /tmp/ccvMDUII.s]
  ignore line: [GNU assembler version 2.32.0 (x86_64-pc-linux-gnu) using BFD version (Gentoo 2.32 p2) 2.32.0]
  ignore line: [COMPILER_PATH=/usr/libexec/gcc/x86_64-pc-linux-gnu/9.2.0/:/usr/libexec/gcc/x86_64-pc-linux-gnu/9.2.0/:/usr/libexec/gcc/x86_64-pc-linux-gnu/:/usr/lib/gcc/x86_64-pc-linux-gnu/9.2.0/:/usr/lib/gcc/x86_64-pc-linux-gnu/:/usr/lib/gcc/x86_64-pc-linux-gnu/9.2.0/../../../../x86_64-pc-linux-gnu/bin/]
  ignore line: [LIBRARY_PATH=/usr/lib/gcc/x86_64-pc-linux-gnu/9.2.0/:/usr/lib/gcc/x86_64-pc-linux-gnu/9.2.0/../../../../lib64/:/lib/../lib64/:/usr/lib/../lib64/:/usr/lib/gcc/x86_64-pc-linux-gnu/9.2.0/../../../../x86_64-pc-linux-gnu/lib/:/usr/lib/gcc/x86_64-pc-linux-gnu/9.2.0/../../../:/lib/:/usr/lib/]
  ignore line: [COLLECT_GCC_OPTIONS='-v' '-o' 'CMakeFiles/cmTC_e48ac.dir/CMakeCCompilerABI.c.o' '-c' '-mtune=generic' '-march=x86-64']
  ignore line: [Linking C executable cmTC_e48ac]
  ignore line: [/usr/bin/cmake -E cmake_link_script CMakeFiles/cmTC_e48ac.dir/link.txt --verbose=1]
  ignore line: [/usr/bin/cc     -v CMakeFiles/cmTC_e48ac.dir/CMakeCCompilerABI.c.o  -o cmTC_e48ac ]
  ignore line: [Using built-in specs.]
  ignore line: [COLLECT_GCC=/usr/bin/cc]
  ignore line: [COLLECT_LTO_WRAPPER=/usr/libexec/gcc/x86_64-pc-linux-gnu/9.2.0/lto-wrapper]
  ignore line: [Target: x86_64-pc-linux-gnu]
  ignore line: [Configured with: /var/tmp/portage/sys-devel/gcc-9.2.0-r2/work/gcc-9.2.0/configure --host=x86_64-pc-linux-gnu --build=x86_64-pc-linux-gnu --prefix=/usr --bindir=/usr/x86_64-pc-linux-gnu/gcc-bin/9.2.0 --includedir=/usr/lib/gcc/x86_64-pc-linux-gnu/9.2.0/include --datadir=/usr/share/gcc-data/x86_64-pc-linux-gnu/9.2.0 --mandir=/usr/share/gcc-data/x86_64-pc-linux-gnu/9.2.0/man --infodir=/usr/share/gcc-data/x86_64-pc-linux-gnu/9.2.0/info --with-gxx-include-dir=/usr/lib/gcc/x86_64-pc-linux-gnu/9.2.0/include/g++-v9 --with-python-dir=/share/gcc-data/x86_64-pc-linux-gnu/9.2.0/python --enable-languages=c c++ fortran --enable-obsolete --enable-secureplt --disable-werror --with-system-zlib --enable-nls --without-included-gettext --enable-checking=release --with-bugurl=https://bugs.gentoo.org/ --with-pkgversion='Gentoo 9.2.0-r2 p3' --disable-esp --enable-libstdcxx-time --enable-shared --enable-threads=posix --enable-__cxa_atexit --enable-clocale=gnu --enable-multilib --with-multilib-list=m32 m64 --disable-altivec --disable-fixed-point --enable-targets=all --enable-libgomp --disable-libmudflap --disable-libssp --disable-systemtap --enable-vtable-verify --enable-lto --without-isl --enable-default-pie --enable-default-ssp]
  ignore line: [Thread model: posix]
  ignore line: [gcc version 9.2.0 (Gentoo 9.2.0-r2 p3) ]
  ignore line: [COMPILER_PATH=/usr/libexec/gcc/x86_64-pc-linux-gnu/9.2.0/:/usr/libexec/gcc/x86_64-pc-linux-gnu/9.2.0/:/usr/libexec/gcc/x86_64-pc-linux-gnu/:/usr/lib/gcc/x86_64-pc-linux-gnu/9.2.0/:/usr/lib/gcc/x86_64-pc-linux-gnu/:/usr/lib/gcc/x86_64-pc-linux-gnu/9.2.0/../../../../x86_64-pc-linux-gnu/bin/]
  ignore line: [LIBRARY_PATH=/usr/lib/gcc/x86_64-pc-linux-gnu/9.2.0/:/usr/lib/gcc/x86_64-pc-linux-gnu/9.2.0/../../../../lib64/:/lib/../lib64/:/usr/lib/../lib64/:/usr/lib/gcc/x86_64-pc-linux-gnu/9.2.0/../../../../x86_64-pc-linux-gnu/lib/:/usr/lib/gcc/x86_64-pc-linux-gnu/9.2.0/../../../:/lib/:/usr/lib/]
  ignore line: [COLLECT_GCC_OPTIONS='-v' '-o' 'cmTC_e48ac' '-mtune=generic' '-march=x86-64']
  link line: [ /usr/libexec/gcc/x86_64-pc-linux-gnu/9.2.0/collect2 -plugin /usr/libexec/gcc/x86_64-pc-linux-gnu/9.2.0/liblto_plugin.so -plugin-opt=/usr/libexec/gcc/x86_64-pc-linux-gnu/9.2.0/lto-wrapper -plugin-opt=-fresolution=/tmp/cc4FsD06.res -plugin-opt=-pass-through=-lgcc -plugin-opt=-pass-through=-lgcc_s -plugin-opt=-pass-through=-lc -plugin-opt=-pass-through=-lgcc -plugin-opt=-pass-through=-lgcc_s --eh-frame-hdr -m elf_x86_64 -dynamic-linker /lib64/ld-linux-x86-64.so.2 -pie -o cmTC_e48ac /usr/lib/gcc/x86_64-pc-linux-gnu/9.2.0/../../../../lib64/Scrt1.o /usr/lib/gcc/x86_64-pc-linux-gnu/9.2.0/../../../../lib64/crti.o /usr/lib/gcc/x86_64-pc-linux-gnu/9.2.0/crtbeginS.o -L/usr/lib/gcc/x86_64-pc-linux-gnu/9.2.0 -L/usr/lib/gcc/x86_64-pc-linux-gnu/9.2.0/../../../../lib64 -L/lib/../lib64 -L/usr/lib/../lib64 -L/usr/lib/gcc/x86_64-pc-linux-gnu/9.2.0/../../../../x86_64-pc-linux-gnu/lib -L/usr/lib/gcc/x86_64-pc-linux-gnu/9.2.0/../../.. CMakeFiles/cmTC_e48ac.dir/CMakeCCompilerABI.c.o -lgcc --push-state --as-needed -lgcc_s --pop-state -lc -lgcc --push-state --as-needed -lgcc_s --pop-state /usr/lib/gcc/x86_64-pc-linux-gnu/9.2.0/crtendS.o /usr/lib/gcc/x86_64-pc-linux-gnu/9.2.0/../../../../lib64/crtn.o]
    arg [/usr/libexec/gcc/x86_64-pc-linux-gnu/9.2.0/collect2] ==> ignore
    arg [-plugin] ==> ignore
    arg [/usr/libexec/gcc/x86_64-pc-linux-gnu/9.2.0/liblto_plugin.so] ==> ignore
    arg [-plugin-opt=/usr/libexec/gcc/x86_64-pc-linux-gnu/9.2.0/lto-wrapper] ==> ignore
    arg [-plugin-opt=-fresolution=/tmp/cc4FsD06.res] ==> ignore
    arg [-plugin-opt=-pass-through=-lgcc] ==> ignore
    arg [-plugin-opt=-pass-through=-lgcc_s] ==> ignore
    arg [-plugin-opt=-pass-through=-lc] ==> ignore
    arg [-plugin-opt=-pass-through=-lgcc] ==> ignore
    arg [-plugin-opt=-pass-through=-lgcc_s] ==> ignore
    arg [--eh-frame-hdr] ==> ignore
    arg [-m] ==> ignore
    arg [elf_x86_64] ==> ignore
    arg [-dynamic-linker] ==> ignore
    arg [/lib64/ld-linux-x86-64.so.2] ==> ignore
    arg [-pie] ==> ignore
    arg [-o] ==> ignore
    arg [cmTC_e48ac] ==> ignore
    arg [/usr/lib/gcc/x86_64-pc-linux-gnu/9.2.0/../../../../lib64/Scrt1.o] ==> ignore
    arg [/usr/lib/gcc/x86_64-pc-linux-gnu/9.2.0/../../../../lib64/crti.o] ==> ignore
    arg [/usr/lib/gcc/x86_64-pc-linux-gnu/9.2.0/crtbeginS.o] ==> ignore
    arg [-L/usr/lib/gcc/x86_64-pc-linux-gnu/9.2.0] ==> dir [/usr/lib/gcc/x86_64-pc-linux-gnu/9.2.0]
    arg [-L/usr/lib/gcc/x86_64-pc-linux-gnu/9.2.0/../../../../lib64] ==> dir [/usr/lib/gcc/x86_64-pc-linux-gnu/9.2.0/../../../../lib64]
    arg [-L/lib/../lib64] ==> dir [/lib/../lib64]
    arg [-L/usr/lib/../lib64] ==> dir [/usr/lib/../lib64]
    arg [-L/usr/lib/gcc/x86_64-pc-linux-gnu/9.2.0/../../../../x86_64-pc-linux-gnu/lib] ==> dir [/usr/lib/gcc/x86_64-pc-linux-gnu/9.2.0/../../../../x86_64-pc-linux-gnu/lib]
    arg [-L/usr/lib/gcc/x86_64-pc-linux-gnu/9.2.0/../../..] ==> dir [/usr/lib/gcc/x86_64-pc-linux-gnu/9.2.0/../../..]
    arg [CMakeFiles/cmTC_e48ac.dir/CMakeCCompilerABI.c.o] ==> ignore
    arg [-lgcc] ==> lib [gcc]
    arg [--push-state] ==> ignore
    arg [--as-needed] ==> ignore
    arg [-lgcc_s] ==> lib [gcc_s]
    arg [--pop-state] ==> ignore
    arg [-lc] ==> lib [c]
    arg [-lgcc] ==> lib [gcc]
    arg [--push-state] ==> ignore
    arg [--as-needed] ==> ignore
    arg [-lgcc_s] ==> lib [gcc_s]
    arg [--pop-state] ==> ignore
    arg [/usr/lib/gcc/x86_64-pc-linux-gnu/9.2.0/crtendS.o] ==> ignore
    arg [/usr/lib/gcc/x86_64-pc-linux-gnu/9.2.0/../../../../lib64/crtn.o] ==> ignore
  collapse library dir [/usr/lib/gcc/x86_64-pc-linux-gnu/9.2.0] ==> [/usr/lib/gcc/x86_64-pc-linux-gnu/9.2.0]
  collapse library dir [/usr/lib/gcc/x86_64-pc-linux-gnu/9.2.0/../../../../lib64] ==> [/usr/lib64]
  collapse library dir [/lib/../lib64] ==> [/lib64]
  collapse library dir [/usr/lib/../lib64] ==> [/usr/lib64]
  collapse library dir [/usr/lib/gcc/x86_64-pc-linux-gnu/9.2.0/../../../../x86_64-pc-linux-gnu/lib] ==> [/usr/x86_64-pc-linux-gnu/lib]
  collapse library dir [/usr/lib/gcc/x86_64-pc-linux-gnu/9.2.0/../../..] ==> [/usr/lib]
  implicit libs: [gcc;gcc_s;c;gcc;gcc_s]
  implicit dirs: [/usr/lib/gcc/x86_64-pc-linux-gnu/9.2.0;/usr/lib64;/lib64;/usr/x86_64-pc-linux-gnu/lib;/usr/lib]
  implicit fwks: []


